<?xml version="1.0" encoding="UTF-8"?>
<testng-results skipped="0" failed="0" total="1" passed="1">
  <reporter-output>
  </reporter-output>
  <suite name="Suite" duration-ms="10231" started-at="2020-01-13T10:02:25Z" finished-at="2020-01-13T10:02:36Z">
    <groups>
    </groups>
    <test name="Test" duration-ms="10231" started-at="2020-01-13T10:02:25Z" finished-at="2020-01-13T10:02:36Z">
      <class name="testcases.Execute_test1">
        <test-method status="PASS" signature="execute()[pri:0, instance:testcases.Execute_test1@2ed94a8b]" name="execute" duration-ms="10207" started-at="2020-01-13T15:32:25Z" finished-at="2020-01-13T15:32:36Z">
          <reporter-output>
          </reporter-output>
        </test-method> <!-- execute -->
      </class> <!-- testcases.Execute_test1 -->
    </test> <!-- Test -->
  </suite> <!-- Suite -->
</testng-results>
