<?xml version="1.0" encoding="UTF-8"?>
<testng-results skipped="0" failed="0" total="1" passed="1">
  <reporter-output>
  </reporter-output>
  <suite name="Default suite" duration-ms="29214" started-at="2020-01-10T10:40:57Z" finished-at="2020-01-10T10:41:26Z">
    <groups>
    </groups>
    <test name="Default test" duration-ms="29214" started-at="2020-01-10T10:40:57Z" finished-at="2020-01-10T10:41:26Z">
      <class name="testcases.Execute_test1">
        <test-method status="PASS" signature="execute()[pri:0, instance:testcases.Execute_test1@4cc0edeb]" name="execute" duration-ms="29192" started-at="2020-01-10T16:10:57Z" finished-at="2020-01-10T16:11:26Z">
          <reporter-output>
          </reporter-output>
        </test-method> <!-- execute -->
      </class> <!-- testcases.Execute_test1 -->
    </test> <!-- Default test -->
  </suite> <!-- Default suite -->
</testng-results>
